<?xml version="1.0" encoding="UTF-8"?>
<!-- Generated by org.testng.reporters.JUnitReportReporter -->
<testsuite hostname="JGmil-lt-11117" failures="0" tests="3" name="Tests.GetAndPostRequests" time="1.957" errors="0" timestamp="2023-05-22T11:51:38 EET" skipped="0">
  <testcase classname="Tests.GetAndPostRequests" name="testDeleteRequest" time="1.257"/>
  <system-out/>
  <testcase classname="Tests.GetAndPostRequests" name="testPostRequest" time="0.378"/>
  <system-out/>
  <testcase classname="Tests.GetAndPostRequests" name="testPutRequest" time="0.322"/>
  <system-out/>
</testsuite> <!-- Tests.GetAndPostRequests -->
