<?xml version="1.0" encoding="UTF-8"?>
<!-- Generated by org.testng.reporters.JUnitReportReporter -->
<testsuite hostname="JGmil-lt-11117" failures="0" tests="1" name="Tests.validateJsonSchema" time="1.623" errors="0" timestamp="2023-05-22T13:33:45 EET" skipped="0">
  <testcase classname="Tests.validateJsonSchema" name="getUsersApi" time="1.623"/>
  <system-out/>
</testsuite> <!-- Tests.validateJsonSchema -->
