<?xml version="1.0" encoding="UTF-8"?>
<!-- Generated by org.testng.reporters.JUnitReportReporter -->
<testsuite hostname="JGmil-lt-11117" failures="0" tests="2" name="Tests.TestsExamples" time="1.932" errors="0" timestamp="2023-05-22T11:29:05 EET" skipped="0">
  <testcase classname="Tests.TestsExamples" name="secondTest" time="0.719"/>
  <system-out/>
  <testcase classname="Tests.TestsExamples" name="firstTest" time="1.213"/>
  <system-out/>
</testsuite> <!-- Tests.TestsExamples -->
