<?xml version="1.0" encoding="UTF-8"?>
<!-- Generated by org.testng.reporters.JUnitReportReporter -->
<testsuite hostname="JGmil-lt-11117" failures="0" tests="2" name="Tests.localServerTests" time="0.966" errors="0" timestamp="2023-05-22T13:03:12 EET" skipped="0">
  <testcase classname="Tests.localServerTests" name="getUsersApi" time="0.041"/>
  <system-out/>
  <testcase classname="Tests.localServerTests" name="deleteNewUser" time="0.925"/>
  <system-out/>
</testsuite> <!-- Tests.localServerTests -->
